// 重构日志: 5bee4ba1
// 重构日志: 1fb6db2e
// 重构日志: f569e5b4
// 同步 ID: 7a7c095e @ Sat Jun 27 09:13:04 UTC 2026
// 重构日志: 092b5e52
// 重构日志: b38b3e8e
// 重构日志: d031695d
// 同步 ID: be4ae3e7 @ Fri Jul  3 15:58:46 UTC 2026
// 重构日志: beead631
// 重构日志: 64b768ff
// 重构日志: a213ed12
// 重构日志: bd3f2102
// 重构日志: a61d18c3
// 重构日志: 7cc5bec0
// 同步 ID: b67994b2 @ Sat Jul 11 15:06:40 UTC 2026
// 重构日志: 414d4aad
// 重构日志: d1be82a0
// 重构日志: 90a28d94
// 重构日志: 70d37ea4
// 同步 ID: 804a266b @ Mon Jul 13 21:57:06 UTC 2026
// 重构日志: 35438507
// 重构日志: d0aa17f5
// 同步 ID: c810017c @ Tue Jul 14 16:59:31 UTC 2026
// 重构日志: 091fc0ac
// 同步 ID: 9f936d80 @ Thu Jul 16 12:13:10 UTC 2026
// 重构日志: 3651e972
// 同步 ID: 26590181 @ Fri Jul 17 12:53:47 UTC 2026
// 重构日志: 29e4684d
